2025-09-08 17:37:12,066 - INFO - Starting enhanced monthly summons processing v2.0
2025-09-08 17:37:12,066 - INFO - Processing 13-month rolling window: 2024-08-01 to 2025-08-31
2025-09-08 17:37:12,066 - INFO - This covers 13 months
2025-09-08 17:37:12,067 - INFO - Found 9 xlsx files in source folder
2025-09-08 17:37:12,067 - INFO - Excluding file: 24_ALL_SUMMONS.xlsx (contains exclusion keyword)
2025-09-08 17:37:12,067 - INFO - Including file: 25_01_ATS.xlsx
2025-09-08 17:37:12,067 - INFO - Including file: 25_02_ATS.xlsx
2025-09-08 17:37:12,067 - INFO - Including file: 25_03_ATS.xlsx
2025-09-08 17:37:12,067 - INFO - Including file: 25_04_ATS.xlsx
2025-09-08 17:37:12,067 - INFO - Including file: 25_05_ATS.xlsx
2025-09-08 17:37:12,067 - INFO - Including file: 25_06_ATS.xlsx
2025-09-08 17:37:12,068 - INFO - Including file: 25_07_ATS.xlsx
2025-09-08 17:37:12,068 - INFO - Including file: 25_08_ATS.xlsx
2025-09-08 17:37:12,068 - INFO - Filtered to 8 monthly files
2025-09-08 17:37:12,068 - INFO - Processing file: 25_01_ATS.xlsx
2025-09-08 17:37:12,994 - INFO -   - Loaded 3227 rows, 17 columns
2025-09-08 17:37:12,994 - INFO -   - Column names: ['\n', 'OFFICER\nNAME', '\n.1', 'TICKET\nNUMBER', 'ISSUE\nDATE', 'VIOLATION\nNUMBER', '\nTYPE', '\nSTATUS', 'DISPOSITION\nDATE', 'FIND\nCD', 'PAYMENT\nDATE', 'ASSESSED\nAMOUNT', 'FINE \nAMOUNT', 'COST \nAMOUNT', 'MISC \nAMOUNT', 'TOTAL PAID\nAMOUNT', 'CITY COST\nAMOUNT']
2025-09-08 17:37:12,996 - INFO - Using date column: TICKET
NUMBER
2025-09-08 17:37:13,066 - ERROR - Error in date filtering: Invalid comparison between dtype=datetime64[ns] and date
2025-09-08 17:37:13,067 - WARNING - Proceeding without date filtering
2025-09-08 17:37:13,067 - INFO - Processing file: 25_02_ATS.xlsx
2025-09-08 17:37:13,279 - INFO -   - Loaded 2737 rows, 17 columns
2025-09-08 17:37:13,280 - INFO -   - Column names: ['\n', 'OFFICER\nNAME', '\n.1', 'TICKET\nNUMBER', 'ISSUE\nDATE', 'VIOLATION\nNUMBER', '\nTYPE', '\nSTATUS', 'DISPOSITION\nDATE', 'FIND\nCD', 'PAYMENT\nDATE', 'ASSESSED\nAMOUNT', 'FINE \nAMOUNT', 'COST \nAMOUNT', 'MISC \nAMOUNT', 'TOTAL PAID\nAMOUNT', 'CITY COST\nAMOUNT']
2025-09-08 17:37:13,284 - INFO - Using date column: TICKET
NUMBER
2025-09-08 17:37:13,339 - ERROR - Error in date filtering: Invalid comparison between dtype=datetime64[ns] and date
2025-09-08 17:37:13,339 - WARNING - Proceeding without date filtering
2025-09-08 17:37:13,339 - INFO - Processing file: 25_03_ATS.xlsx
2025-09-08 17:37:13,608 - INFO -   - Loaded 3521 rows, 39 columns
2025-09-08 17:37:13,609 - INFO -   - Column names: ['\n', 'OFFICER\nNAME', '\n.1', 'TICKET\nNUMBER', 'ISSUE\nDATE', 'VIOLATION\nNUMBER', '\nTYPE', '\nSTATUS', 'DISPOSITION\nDATE', 'FIND\nCD', 'PAYMENT\nDATE', 'ASSESSED\nAMOUNT', 'FINE \nAMOUNT', 'COST \nAMOUNT', 'MISC \nAMOUNT', 'TOTAL PAID\nAMOUNT', 'CITY COST\nAMOUNT', 'Unnamed: 17', 'Unnamed: 18', 'Unnamed: 19', 'Unnamed: 20', 'Unnamed: 21', '\n.2', 'OFFICER\nNAME.1', '\n.3', 'TICKET\nNUMBER.1', 'ISSUE\nDATE.1', 'VIOLATION\nNUMBER.1', '\nTYPE.1', '\nSTATUS.1', 'DISPOSITION\nDATE.1', 'FIND\nCD.1', 'PAYMENT\nDATE.1', 'ASSESSED\nAMOUNT.1', 'FINE \nAMOUNT.1', 'COST \nAMOUNT.1', 'MISC \nAMOUNT.1', 'TOTAL PAID\nAMOUNT.1', 'CITY COST\nAMOUNT.1']
2025-09-08 17:37:13,609 - INFO - Using date column: TICKET
NUMBER
2025-09-08 17:37:13,772 - ERROR - Error in date filtering: Invalid comparison between dtype=datetime64[ns] and date
2025-09-08 17:37:13,773 - WARNING - Proceeding without date filtering
2025-09-08 17:37:13,773 - INFO - Processing file: 25_04_ATS.xlsx
2025-09-08 17:37:14,218 - INFO -   - Loaded 3548 rows, 17 columns
2025-09-08 17:37:14,218 - INFO -   - Column names: ['\n', 'OFFICER\nNAME', '\n.1', 'TICKET\nNUMBER', 'ISSUE\nDATE', 'VIOLATION\nNUMBER', '\nTYPE', '\nSTATUS', 'DISPOSITION\nDATE', 'FIND\nCD', 'PAYMENT\nDATE', 'ASSESSED\nAMOUNT', 'FINE \nAMOUNT', 'COST \nAMOUNT', 'MISC \nAMOUNT', 'TOTAL PAID\nAMOUNT', 'CITY COST\nAMOUNT']
2025-09-08 17:37:14,219 - INFO - Using date column: TICKET
NUMBER
2025-09-08 17:37:14,384 - ERROR - Error in date filtering: Invalid comparison between dtype=datetime64[ns] and date
2025-09-08 17:37:14,385 - WARNING - Proceeding without date filtering
2025-09-08 17:37:14,385 - INFO - Processing file: 25_05_ATS.xlsx
2025-09-08 17:37:14,804 - INFO -   - Loaded 3373 rows, 17 columns
2025-09-08 17:37:14,804 - INFO -   - Column names: ['\n', 'OFFICER\nNAME', '\n.1', 'TICKET\nNUMBER', 'ISSUE\nDATE', 'VIOLATION\nNUMBER', '\nTYPE', '\nSTATUS', 'DISPOSITION\nDATE', 'FIND\nCD', 'PAYMENT\nDATE', 'ASSESSED\nAMOUNT', 'FINE \nAMOUNT', 'COST \nAMOUNT', 'MISC \nAMOUNT', 'TOTAL PAID\nAMOUNT', 'CITY COST\nAMOUNT']
2025-09-08 17:37:14,805 - INFO - Using date column: TICKET
NUMBER
2025-09-08 17:37:14,976 - ERROR - Error in date filtering: Invalid comparison between dtype=datetime64[ns] and date
2025-09-08 17:37:14,977 - WARNING - Proceeding without date filtering
2025-09-08 17:37:14,977 - INFO - Processing file: 25_06_ATS.xlsx
2025-09-08 17:37:15,406 - INFO -   - Loaded 3242 rows, 17 columns
2025-09-08 17:37:15,406 - INFO -   - Column names: ['\n', 'OFFICER\nNAME', '\n.1', 'TICKET\nNUMBER', 'ISSUE\nDATE', 'VIOLATION\nNUMBER', '\nTYPE', '\nSTATUS', 'DISPOSITION\nDATE', 'FIND\nCD', 'PAYMENT\nDATE', 'ASSESSED\nAMOUNT', 'FINE \nAMOUNT', 'COST \nAMOUNT', 'MISC \nAMOUNT', 'TOTAL PAID\nAMOUNT', 'CITY COST\nAMOUNT']
2025-09-08 17:37:15,407 - INFO - Using date column: TICKET
NUMBER
2025-09-08 17:37:15,531 - ERROR - Error in date filtering: Invalid comparison between dtype=datetime64[ns] and date
2025-09-08 17:37:15,531 - WARNING - Proceeding without date filtering
2025-09-08 17:37:15,531 - INFO - Processing file: 25_07_ATS.xlsx
2025-09-08 17:37:16,047 - INFO -   - Loaded 4237 rows, 17 columns
2025-09-08 17:37:16,047 - INFO -   - Column names: ['\n', 'OFFICER\nNAME', '\n.1', 'TICKET\nNUMBER', 'ISSUE\nDATE', 'VIOLATION\nNUMBER', '\nTYPE', '\nSTATUS', 'DISPOSITION\nDATE', 'FIND\nCD', 'PAYMENT\nDATE', 'ASSESSED\nAMOUNT', 'FINE \nAMOUNT', 'COST \nAMOUNT', 'MISC \nAMOUNT', 'TOTAL PAID\nAMOUNT', 'CITY COST\nAMOUNT']
2025-09-08 17:37:16,047 - INFO - Using date column: TICKET
NUMBER
2025-09-08 17:37:16,195 - ERROR - Error in date filtering: Invalid comparison between dtype=datetime64[ns] and date
2025-09-08 17:37:16,195 - WARNING - Proceeding without date filtering
2025-09-08 17:37:16,195 - INFO - Processing file: 25_08_ATS.xlsx
2025-09-08 17:37:16,654 - INFO -   - Loaded 4087 rows, 17 columns
2025-09-08 17:37:16,654 - INFO -   - Column names: ['\n', 'OFFICER\nNAME', '\n.1', 'TICKET\nNUMBER', 'ISSUE\nDATE', 'VIOLATION\nNUMBER', '\nTYPE', '\nSTATUS', 'DISPOSITION\nDATE', 'FIND\nCD', 'PAYMENT\nDATE', 'ASSESSED\nAMOUNT', 'FINE \nAMOUNT', 'COST \nAMOUNT', 'MISC \nAMOUNT', 'TOTAL PAID\nAMOUNT', 'CITY COST\nAMOUNT']
2025-09-08 17:37:16,654 - INFO - Using date column: TICKET
NUMBER
2025-09-08 17:37:16,802 - ERROR - Error in date filtering: Invalid comparison between dtype=datetime64[ns] and date
2025-09-08 17:37:16,802 - WARNING - Proceeding without date filtering
2025-09-08 17:37:16,802 - INFO - Combining all data
2025-09-08 17:37:16,823 - INFO - Combined dataset: 27972 records
2025-09-08 17:37:16,823 - INFO - Strict ticket number validation using column: TICKET
NUMBER
2025-09-08 17:37:16,826 - INFO - Removed 27972 records with invalid ticket numbers
2025-09-08 17:37:16,827 - INFO - Cleaning badge numbers using column: OFFICER
NAME
2025-09-08 17:37:16,830 - INFO - Adding violation type mapping using column: VIOLATION
NUMBER
2025-09-08 17:37:16,833 - INFO - Violation type distribution: {}
2025-09-08 17:37:16,833 - INFO - Overall data cleaning: 27972 -> 0 records (removed: 27972)
2025-09-08 17:37:16,836 - INFO - Loading officer assignment data
2025-09-08 17:37:16,877 - INFO - Loaded 151 assignment records
2025-09-08 17:37:16,878 - INFO - Merging on OFFICER
NAME = BADGE_NUMBER
2025-09-08 17:37:16,880 - INFO - After assignment merge: 0 records
2025-09-08 17:37:16,880 - ERROR - Dataset is empty!
2025-09-08 17:37:16,880 - ERROR - Data quality validation failed
2025-09-08 17:38:59,870 - INFO - Starting enhanced monthly summons processing v2.0
2025-09-08 17:38:59,870 - INFO - Processing 13-month rolling window: 2024-08-01 to 2025-08-31
2025-09-08 17:38:59,871 - INFO - This covers 13 months
2025-09-08 17:38:59,871 - INFO - Found 9 xlsx files in source folder
2025-09-08 17:38:59,871 - INFO - Excluding file: 24_ALL_SUMMONS.xlsx (contains exclusion keyword)
2025-09-08 17:38:59,871 - INFO - Including file: 25_01_ATS.xlsx
2025-09-08 17:38:59,871 - INFO - Including file: 25_02_ATS.xlsx
2025-09-08 17:38:59,871 - INFO - Including file: 25_03_ATS.xlsx
2025-09-08 17:38:59,871 - INFO - Including file: 25_04_ATS.xlsx
2025-09-08 17:38:59,871 - INFO - Including file: 25_05_ATS.xlsx
2025-09-08 17:38:59,872 - INFO - Including file: 25_06_ATS.xlsx
2025-09-08 17:38:59,872 - INFO - Including file: 25_07_ATS.xlsx
2025-09-08 17:38:59,872 - INFO - Including file: 25_08_ATS.xlsx
2025-09-08 17:38:59,872 - INFO - Filtered to 8 monthly files
2025-09-08 17:38:59,872 - INFO - Processing file: 25_01_ATS.xlsx
2025-09-08 17:39:00,589 - INFO -   - Loaded 3227 rows, 17 columns
2025-09-08 17:39:00,590 - INFO -   - Column names: ['\n', 'OFFICER\nNAME', '\n.1', 'TICKET\nNUMBER', 'ISSUE\nDATE', 'VIOLATION\nNUMBER', '\nTYPE', '\nSTATUS', 'DISPOSITION\nDATE', 'FIND\nCD', 'PAYMENT\nDATE', 'ASSESSED\nAMOUNT', 'FINE \nAMOUNT', 'COST \nAMOUNT', 'MISC \nAMOUNT', 'TOTAL PAID\nAMOUNT', 'CITY COST\nAMOUNT']
2025-09-08 17:39:00,590 - INFO - Using date column: ISSUE
DATE
2025-09-08 17:39:00,598 - INFO - Strict date filtering: 3227 -> 3224 records
2025-09-08 17:39:00,601 - INFO - Dataset contains 1 unique months
2025-09-08 17:39:00,601 - WARNING - Expected 13 months of data, but found 1 months
2025-09-08 17:39:00,658 - INFO - Added comprehensive date intelligence columns
2025-09-08 17:39:00,659 - INFO - Processing file: 25_02_ATS.xlsx
2025-09-08 17:39:00,844 - INFO -   - Loaded 2737 rows, 17 columns
2025-09-08 17:39:00,844 - INFO -   - Column names: ['\n', 'OFFICER\nNAME', '\n.1', 'TICKET\nNUMBER', 'ISSUE\nDATE', 'VIOLATION\nNUMBER', '\nTYPE', '\nSTATUS', 'DISPOSITION\nDATE', 'FIND\nCD', 'PAYMENT\nDATE', 'ASSESSED\nAMOUNT', 'FINE \nAMOUNT', 'COST \nAMOUNT', 'MISC \nAMOUNT', 'TOTAL PAID\nAMOUNT', 'CITY COST\nAMOUNT']
2025-09-08 17:39:00,845 - INFO - Using date column: ISSUE
DATE
2025-09-08 17:39:00,847 - INFO - Strict date filtering: 2737 -> 2734 records
2025-09-08 17:39:00,847 - INFO - Dataset contains 1 unique months
2025-09-08 17:39:00,847 - WARNING - Expected 13 months of data, but found 1 months
2025-09-08 17:39:00,891 - INFO - Added comprehensive date intelligence columns
2025-09-08 17:39:00,892 - INFO - Processing file: 25_03_ATS.xlsx
2025-09-08 17:39:01,129 - INFO -   - Loaded 3521 rows, 39 columns
2025-09-08 17:39:01,129 - INFO -   - Column names: ['\n', 'OFFICER\nNAME', '\n.1', 'TICKET\nNUMBER', 'ISSUE\nDATE', 'VIOLATION\nNUMBER', '\nTYPE', '\nSTATUS', 'DISPOSITION\nDATE', 'FIND\nCD', 'PAYMENT\nDATE', 'ASSESSED\nAMOUNT', 'FINE \nAMOUNT', 'COST \nAMOUNT', 'MISC \nAMOUNT', 'TOTAL PAID\nAMOUNT', 'CITY COST\nAMOUNT', 'Unnamed: 17', 'Unnamed: 18', 'Unnamed: 19', 'Unnamed: 20', 'Unnamed: 21', '\n.2', 'OFFICER\nNAME.1', '\n.3', 'TICKET\nNUMBER.1', 'ISSUE\nDATE.1', 'VIOLATION\nNUMBER.1', '\nTYPE.1', '\nSTATUS.1', 'DISPOSITION\nDATE.1', 'FIND\nCD.1', 'PAYMENT\nDATE.1', 'ASSESSED\nAMOUNT.1', 'FINE \nAMOUNT.1', 'COST \nAMOUNT.1', 'MISC \nAMOUNT.1', 'TOTAL PAID\nAMOUNT.1', 'CITY COST\nAMOUNT.1']
2025-09-08 17:39:01,129 - INFO - Using date column: ISSUE
DATE
2025-09-08 17:39:01,132 - INFO - Strict date filtering: 3521 -> 3518 records
2025-09-08 17:39:01,132 - INFO - Dataset contains 1 unique months
2025-09-08 17:39:01,132 - WARNING - Expected 13 months of data, but found 1 months
2025-09-08 17:39:01,191 - INFO - Added comprehensive date intelligence columns
2025-09-08 17:39:01,192 - INFO - Processing file: 25_04_ATS.xlsx
2025-09-08 17:39:01,420 - INFO -   - Loaded 3548 rows, 17 columns
2025-09-08 17:39:01,421 - INFO -   - Column names: ['\n', 'OFFICER\nNAME', '\n.1', 'TICKET\nNUMBER', 'ISSUE\nDATE', 'VIOLATION\nNUMBER', '\nTYPE', '\nSTATUS', 'DISPOSITION\nDATE', 'FIND\nCD', 'PAYMENT\nDATE', 'ASSESSED\nAMOUNT', 'FINE \nAMOUNT', 'COST \nAMOUNT', 'MISC \nAMOUNT', 'TOTAL PAID\nAMOUNT', 'CITY COST\nAMOUNT']
2025-09-08 17:39:01,421 - INFO - Using date column: ISSUE
DATE
2025-09-08 17:39:01,423 - INFO - Strict date filtering: 3548 -> 3545 records
2025-09-08 17:39:01,424 - INFO - Dataset contains 1 unique months
2025-09-08 17:39:01,424 - WARNING - Expected 13 months of data, but found 1 months
2025-09-08 17:39:01,475 - INFO - Added comprehensive date intelligence columns
2025-09-08 17:39:01,475 - INFO - Processing file: 25_05_ATS.xlsx
2025-09-08 17:39:01,705 - INFO -   - Loaded 3373 rows, 17 columns
2025-09-08 17:39:01,705 - INFO -   - Column names: ['\n', 'OFFICER\nNAME', '\n.1', 'TICKET\nNUMBER', 'ISSUE\nDATE', 'VIOLATION\nNUMBER', '\nTYPE', '\nSTATUS', 'DISPOSITION\nDATE', 'FIND\nCD', 'PAYMENT\nDATE', 'ASSESSED\nAMOUNT', 'FINE \nAMOUNT', 'COST \nAMOUNT', 'MISC \nAMOUNT', 'TOTAL PAID\nAMOUNT', 'CITY COST\nAMOUNT']
2025-09-08 17:39:01,706 - INFO - Using date column: ISSUE
DATE
2025-09-08 17:39:01,707 - INFO - Strict date filtering: 3373 -> 3370 records
2025-09-08 17:39:01,708 - INFO - Dataset contains 1 unique months
2025-09-08 17:39:01,708 - WARNING - Expected 13 months of data, but found 1 months
2025-09-08 17:39:01,761 - INFO - Added comprehensive date intelligence columns
2025-09-08 17:39:01,762 - INFO - Processing file: 25_06_ATS.xlsx
2025-09-08 17:39:02,000 - INFO -   - Loaded 3242 rows, 17 columns
2025-09-08 17:39:02,001 - INFO -   - Column names: ['\n', 'OFFICER\nNAME', '\n.1', 'TICKET\nNUMBER', 'ISSUE\nDATE', 'VIOLATION\nNUMBER', '\nTYPE', '\nSTATUS', 'DISPOSITION\nDATE', 'FIND\nCD', 'PAYMENT\nDATE', 'ASSESSED\nAMOUNT', 'FINE \nAMOUNT', 'COST \nAMOUNT', 'MISC \nAMOUNT', 'TOTAL PAID\nAMOUNT', 'CITY COST\nAMOUNT']
2025-09-08 17:39:02,001 - INFO - Using date column: ISSUE
DATE
2025-09-08 17:39:02,004 - INFO - Strict date filtering: 3242 -> 3239 records
2025-09-08 17:39:02,005 - INFO - Dataset contains 1 unique months
2025-09-08 17:39:02,005 - WARNING - Expected 13 months of data, but found 1 months
2025-09-08 17:39:02,086 - INFO - Added comprehensive date intelligence columns
2025-09-08 17:39:02,087 - INFO - Processing file: 25_07_ATS.xlsx
2025-09-08 17:39:02,609 - INFO -   - Loaded 4237 rows, 17 columns
2025-09-08 17:39:02,610 - INFO -   - Column names: ['\n', 'OFFICER\nNAME', '\n.1', 'TICKET\nNUMBER', 'ISSUE\nDATE', 'VIOLATION\nNUMBER', '\nTYPE', '\nSTATUS', 'DISPOSITION\nDATE', 'FIND\nCD', 'PAYMENT\nDATE', 'ASSESSED\nAMOUNT', 'FINE \nAMOUNT', 'COST \nAMOUNT', 'MISC \nAMOUNT', 'TOTAL PAID\nAMOUNT', 'CITY COST\nAMOUNT']
2025-09-08 17:39:02,610 - INFO - Using date column: ISSUE
DATE
2025-09-08 17:39:02,614 - INFO - Strict date filtering: 4237 -> 4234 records
2025-09-08 17:39:02,615 - INFO - Dataset contains 1 unique months
2025-09-08 17:39:02,615 - WARNING - Expected 13 months of data, but found 1 months
2025-09-08 17:39:02,736 - INFO - Added comprehensive date intelligence columns
2025-09-08 17:39:02,737 - INFO - Processing file: 25_08_ATS.xlsx
2025-09-08 17:39:03,232 - INFO -   - Loaded 4087 rows, 17 columns
2025-09-08 17:39:03,232 - INFO -   - Column names: ['\n', 'OFFICER\nNAME', '\n.1', 'TICKET\nNUMBER', 'ISSUE\nDATE', 'VIOLATION\nNUMBER', '\nTYPE', '\nSTATUS', 'DISPOSITION\nDATE', 'FIND\nCD', 'PAYMENT\nDATE', 'ASSESSED\nAMOUNT', 'FINE \nAMOUNT', 'COST \nAMOUNT', 'MISC \nAMOUNT', 'TOTAL PAID\nAMOUNT', 'CITY COST\nAMOUNT']
2025-09-08 17:39:03,233 - INFO - Using date column: ISSUE
DATE
2025-09-08 17:39:03,239 - INFO - Strict date filtering: 4087 -> 4084 records
2025-09-08 17:39:03,240 - INFO - Dataset contains 1 unique months
2025-09-08 17:39:03,240 - WARNING - Expected 13 months of data, but found 1 months
2025-09-08 17:39:03,360 - INFO - Added comprehensive date intelligence columns
2025-09-08 17:39:03,360 - INFO - Combining all data
2025-09-08 17:39:03,378 - INFO - Combined dataset: 27948 records
2025-09-08 17:39:03,378 - INFO - Strict ticket number validation using column: TICKET
NUMBER
2025-09-08 17:39:03,415 - INFO - Cleaning badge numbers using column: OFFICER
NAME
2025-09-08 17:39:03,444 - INFO - Adding violation type mapping using column: VIOLATION
NUMBER
2025-09-08 17:39:03,456 - INFO - Violation type distribution: {'Unknown': 27948}
2025-09-08 17:39:03,491 - INFO - Average data quality score: 90.0
2025-09-08 17:39:03,493 - INFO - Quality tier distribution: {'Good': 27948, 'Poor': 0, 'Fair': 0, 'Excellent': 0}
2025-09-08 17:39:03,493 - INFO - Quality issue - Unknown Violation Type: 27948 records
2025-09-08 17:39:03,493 - INFO - Overall data cleaning: 27948 -> 27948 records (removed: 0)
2025-09-08 17:39:03,498 - INFO - Loading officer assignment data
2025-09-08 17:39:03,535 - INFO - Loaded 151 assignment records
2025-09-08 17:39:03,535 - INFO - Merging on OFFICER
NAME = BADGE_NUMBER
2025-09-08 17:39:03,536 - ERROR - Error applying officer assignments: You are trying to merge on object and float64 columns for key 'OFFICER
NAME'. If you wish to proceed you should use pd.concat
2025-09-08 17:39:03,536 - WARNING - Proceeding without assignment matching
2025-09-08 17:39:03,538 - INFO - Added processing metadata with timestamp: 2025-09-08 17:39:03.536737
2025-09-08 17:39:03,538 - INFO - === COMPREHENSIVE DATA QUALITY REPORT ===
2025-09-08 17:39:03,538 - INFO - Total records: 27,948
2025-09-08 17:39:03,538 - INFO - Total columns: 60
2025-09-08 17:39:03,540 - INFO - Unique months in dataset: 8
2025-09-08 17:39:03,540 - WARNING - Expected 13 months, found 8
2025-09-08 17:39:03,544 - INFO - Month distribution:
2025-09-08 17:39:03,544 - INFO -   01-25: 3,224 records
2025-09-08 17:39:03,544 - INFO -   02-25: 2,734 records
2025-09-08 17:39:03,544 - INFO -   03-25: 3,518 records
2025-09-08 17:39:03,544 - INFO -   04-25: 3,545 records
2025-09-08 17:39:03,545 - INFO -   05-25: 3,370 records
2025-09-08 17:39:03,545 - INFO -   06-25: 3,239 records
2025-09-08 17:39:03,545 - INFO -   07-25: 4,234 records
2025-09-08 17:39:03,545 - INFO -   08-25: 4,084 records
2025-09-08 17:39:03,545 - INFO - Data Quality Scores - Avg: 90.0, Min: 90.0, Max: 90.0
2025-09-08 17:39:03,546 - INFO - Quality tiers: {'Good': 27948, 'Poor': 0, 'Fair': 0, 'Excellent': 0}
2025-09-08 17:39:03,548 - INFO - Violation types: {'Unknown': 27948}
2025-09-08 17:39:03,554 - INFO - Date range: 2025-01-01 to 2025-08-31
2025-09-08 17:39:03,554 - INFO - All critical data quality checks passed
2025-09-08 17:39:03,554 - INFO - === END DATA QUALITY REPORT ===
2025-09-08 17:39:03,554 - INFO - Saving output to: C:\Users\carucci_r\OneDrive - City of Hackensack\03_Staging\Summons\summons_powerbi_latest.xlsx
2025-09-08 17:39:41,182 - INFO - Processing completed successfully
2025-09-08 17:39:41,183 - INFO - Final dataset: 27,948 records, 60 columns
2025-09-08 17:39:41,183 - INFO - Key intelligence columns added: ['YearMonthKey', 'Month_Year', 'VIOLATION_TYPE', 'DATA_QUALITY_SCORE', 'DATA_QUALITY_TIER', 'FiscalYear', 'FiscalQuarter']
2025-09-08 18:01:41,615 - INFO - Starting enhanced monthly summons processing v2.0
2025-09-08 18:01:41,616 - INFO - Processing 13-month rolling window: 2024-08-01 to 2025-08-31
2025-09-08 18:01:41,616 - INFO - This covers 13 months
2025-09-08 18:01:41,617 - INFO - Found 9 xlsx files in source folder
2025-09-08 18:01:41,618 - INFO - Including 2024 summary file: 24_ALL_SUMMONS.xlsx
2025-09-08 18:01:41,618 - INFO - Including monthly ATS file: 25_01_ATS.xlsx
2025-09-08 18:01:41,618 - INFO - Including monthly ATS file: 25_02_ATS.xlsx
2025-09-08 18:01:41,618 - INFO - Including monthly ATS file: 25_03_ATS.xlsx
2025-09-08 18:01:41,618 - INFO - Including monthly ATS file: 25_04_ATS.xlsx
2025-09-08 18:01:41,618 - INFO - Including monthly ATS file: 25_05_ATS.xlsx
2025-09-08 18:01:41,618 - INFO - Including monthly ATS file: 25_06_ATS.xlsx
2025-09-08 18:01:41,619 - INFO - Including monthly ATS file: 25_07_ATS.xlsx
2025-09-08 18:01:41,619 - INFO - Including monthly ATS file: 25_08_ATS.xlsx
2025-09-08 18:01:41,619 - INFO - Filtered to 9 files for processing
2025-09-08 18:01:41,619 - INFO - Processing file: 24_ALL_SUMMONS.xlsx
2025-09-08 18:01:47,225 - INFO -   - Loaded 37663 rows, 17 columns
2025-09-08 18:01:47,226 - INFO -   - Column names: ['\n', 'OFFICER\nNAME', '\n.1', 'TICKET\nNUMBER', 'ISSUE\nDATE', 'VIOLATION\nNUMBER', '\nTYPE', '\nSTATUS', 'DISPOSITION\nDATE', 'FIND\nCD', 'PAYMENT\nDATE', 'ASSESSED\nAMOUNT', 'FINE \nAMOUNT', 'COST \nAMOUNT', 'MISC \nAMOUNT', 'TOTAL PAID\nAMOUNT', 'CITY COST\nAMOUNT']
2025-09-08 18:01:47,234 - INFO - Using date column: ISSUE
DATE
2025-09-08 18:01:47,269 - INFO - Strict date filtering: 37663 -> 14071 records
2025-09-08 18:01:47,277 - INFO - Dataset contains 5 unique months
2025-09-08 18:01:47,277 - WARNING - Expected 13 months of data, but found 5 months
2025-09-08 18:01:47,780 - INFO - Added comprehensive date intelligence columns
2025-09-08 18:01:47,784 - INFO - Processing file: 25_01_ATS.xlsx
2025-09-08 18:01:48,221 - INFO -   - Loaded 3227 rows, 17 columns
2025-09-08 18:01:48,221 - INFO -   - Column names: ['\n', 'OFFICER\nNAME', '\n.1', 'TICKET\nNUMBER', 'ISSUE\nDATE', 'VIOLATION\nNUMBER', '\nTYPE', '\nSTATUS', 'DISPOSITION\nDATE', 'FIND\nCD', 'PAYMENT\nDATE', 'ASSESSED\nAMOUNT', 'FINE \nAMOUNT', 'COST \nAMOUNT', 'MISC \nAMOUNT', 'TOTAL PAID\nAMOUNT', 'CITY COST\nAMOUNT']
2025-09-08 18:01:48,221 - INFO - Using date column: ISSUE
DATE
2025-09-08 18:01:48,225 - INFO - Strict date filtering: 3227 -> 3224 records
2025-09-08 18:01:48,227 - INFO - Dataset contains 1 unique months
2025-09-08 18:01:48,227 - WARNING - Expected 13 months of data, but found 1 months
2025-09-08 18:01:48,356 - INFO - Added comprehensive date intelligence columns
2025-09-08 18:01:48,357 - INFO - Processing file: 25_02_ATS.xlsx
2025-09-08 18:01:48,784 - INFO -   - Loaded 2737 rows, 17 columns
2025-09-08 18:01:48,785 - INFO -   - Column names: ['\n', 'OFFICER\nNAME', '\n.1', 'TICKET\nNUMBER', 'ISSUE\nDATE', 'VIOLATION\nNUMBER', '\nTYPE', '\nSTATUS', 'DISPOSITION\nDATE', 'FIND\nCD', 'PAYMENT\nDATE', 'ASSESSED\nAMOUNT', 'FINE \nAMOUNT', 'COST \nAMOUNT', 'MISC \nAMOUNT', 'TOTAL PAID\nAMOUNT', 'CITY COST\nAMOUNT']
2025-09-08 18:01:48,785 - INFO - Using date column: ISSUE
DATE
2025-09-08 18:01:48,790 - INFO - Strict date filtering: 2737 -> 2734 records
2025-09-08 18:01:48,791 - INFO - Dataset contains 1 unique months
2025-09-08 18:01:48,791 - WARNING - Expected 13 months of data, but found 1 months
2025-09-08 18:01:48,913 - INFO - Added comprehensive date intelligence columns
2025-09-08 18:01:48,913 - INFO - Processing file: 25_03_ATS.xlsx
2025-09-08 18:01:49,412 - INFO -   - Loaded 3521 rows, 39 columns
2025-09-08 18:01:49,412 - INFO -   - Column names: ['\n', 'OFFICER\nNAME', '\n.1', 'TICKET\nNUMBER', 'ISSUE\nDATE', 'VIOLATION\nNUMBER', '\nTYPE', '\nSTATUS', 'DISPOSITION\nDATE', 'FIND\nCD', 'PAYMENT\nDATE', 'ASSESSED\nAMOUNT', 'FINE \nAMOUNT', 'COST \nAMOUNT', 'MISC \nAMOUNT', 'TOTAL PAID\nAMOUNT', 'CITY COST\nAMOUNT', 'Unnamed: 17', 'Unnamed: 18', 'Unnamed: 19', 'Unnamed: 20', 'Unnamed: 21', '\n.2', 'OFFICER\nNAME.1', '\n.3', 'TICKET\nNUMBER.1', 'ISSUE\nDATE.1', 'VIOLATION\nNUMBER.1', '\nTYPE.1', '\nSTATUS.1', 'DISPOSITION\nDATE.1', 'FIND\nCD.1', 'PAYMENT\nDATE.1', 'ASSESSED\nAMOUNT.1', 'FINE \nAMOUNT.1', 'COST \nAMOUNT.1', 'MISC \nAMOUNT.1', 'TOTAL PAID\nAMOUNT.1', 'CITY COST\nAMOUNT.1']
2025-09-08 18:01:49,412 - INFO - Using date column: ISSUE
DATE
2025-09-08 18:01:49,418 - INFO - Strict date filtering: 3521 -> 3518 records
2025-09-08 18:01:49,419 - INFO - Dataset contains 1 unique months
2025-09-08 18:01:49,419 - WARNING - Expected 13 months of data, but found 1 months
2025-09-08 18:01:49,559 - INFO - Added comprehensive date intelligence columns
2025-09-08 18:01:49,560 - INFO - Processing file: 25_04_ATS.xlsx
2025-09-08 18:01:50,020 - INFO -   - Loaded 3548 rows, 17 columns
2025-09-08 18:01:50,020 - INFO -   - Column names: ['\n', 'OFFICER\nNAME', '\n.1', 'TICKET\nNUMBER', 'ISSUE\nDATE', 'VIOLATION\nNUMBER', '\nTYPE', '\nSTATUS', 'DISPOSITION\nDATE', 'FIND\nCD', 'PAYMENT\nDATE', 'ASSESSED\nAMOUNT', 'FINE \nAMOUNT', 'COST \nAMOUNT', 'MISC \nAMOUNT', 'TOTAL PAID\nAMOUNT', 'CITY COST\nAMOUNT']
2025-09-08 18:01:50,021 - INFO - Using date column: ISSUE
DATE
2025-09-08 18:01:50,025 - INFO - Strict date filtering: 3548 -> 3545 records
2025-09-08 18:01:50,026 - INFO - Dataset contains 1 unique months
2025-09-08 18:01:50,026 - WARNING - Expected 13 months of data, but found 1 months
2025-09-08 18:01:50,151 - INFO - Added comprehensive date intelligence columns
2025-09-08 18:01:50,152 - INFO - Processing file: 25_05_ATS.xlsx
2025-09-08 18:01:50,587 - INFO -   - Loaded 3373 rows, 17 columns
2025-09-08 18:01:50,588 - INFO -   - Column names: ['\n', 'OFFICER\nNAME', '\n.1', 'TICKET\nNUMBER', 'ISSUE\nDATE', 'VIOLATION\nNUMBER', '\nTYPE', '\nSTATUS', 'DISPOSITION\nDATE', 'FIND\nCD', 'PAYMENT\nDATE', 'ASSESSED\nAMOUNT', 'FINE \nAMOUNT', 'COST \nAMOUNT', 'MISC \nAMOUNT', 'TOTAL PAID\nAMOUNT', 'CITY COST\nAMOUNT']
2025-09-08 18:01:50,588 - INFO - Using date column: ISSUE
DATE
2025-09-08 18:01:50,592 - INFO - Strict date filtering: 3373 -> 3370 records
2025-09-08 18:01:50,593 - INFO - Dataset contains 1 unique months
2025-09-08 18:01:50,594 - WARNING - Expected 13 months of data, but found 1 months
2025-09-08 18:01:50,719 - INFO - Added comprehensive date intelligence columns
2025-09-08 18:01:50,719 - INFO - Processing file: 25_06_ATS.xlsx
2025-09-08 18:01:51,169 - INFO -   - Loaded 3242 rows, 17 columns
2025-09-08 18:01:51,169 - INFO -   - Column names: ['\n', 'OFFICER\nNAME', '\n.1', 'TICKET\nNUMBER', 'ISSUE\nDATE', 'VIOLATION\nNUMBER', '\nTYPE', '\nSTATUS', 'DISPOSITION\nDATE', 'FIND\nCD', 'PAYMENT\nDATE', 'ASSESSED\nAMOUNT', 'FINE \nAMOUNT', 'COST \nAMOUNT', 'MISC \nAMOUNT', 'TOTAL PAID\nAMOUNT', 'CITY COST\nAMOUNT']
2025-09-08 18:01:51,169 - INFO - Using date column: ISSUE
DATE
2025-09-08 18:01:51,173 - INFO - Strict date filtering: 3242 -> 3239 records
2025-09-08 18:01:51,174 - INFO - Dataset contains 1 unique months
2025-09-08 18:01:51,174 - WARNING - Expected 13 months of data, but found 1 months
2025-09-08 18:01:51,273 - INFO - Added comprehensive date intelligence columns
2025-09-08 18:01:51,273 - INFO - Processing file: 25_07_ATS.xlsx
2025-09-08 18:01:51,796 - INFO -   - Loaded 4237 rows, 17 columns
2025-09-08 18:01:51,796 - INFO -   - Column names: ['\n', 'OFFICER\nNAME', '\n.1', 'TICKET\nNUMBER', 'ISSUE\nDATE', 'VIOLATION\nNUMBER', '\nTYPE', '\nSTATUS', 'DISPOSITION\nDATE', 'FIND\nCD', 'PAYMENT\nDATE', 'ASSESSED\nAMOUNT', 'FINE \nAMOUNT', 'COST \nAMOUNT', 'MISC \nAMOUNT', 'TOTAL PAID\nAMOUNT', 'CITY COST\nAMOUNT']
2025-09-08 18:01:51,797 - INFO - Using date column: ISSUE
DATE
2025-09-08 18:01:51,800 - INFO - Strict date filtering: 4237 -> 4234 records
2025-09-08 18:01:51,802 - INFO - Dataset contains 1 unique months
2025-09-08 18:01:51,802 - WARNING - Expected 13 months of data, but found 1 months
2025-09-08 18:01:51,928 - INFO - Added comprehensive date intelligence columns
2025-09-08 18:01:51,929 - INFO - Processing file: 25_08_ATS.xlsx
2025-09-08 18:01:52,451 - INFO -   - Loaded 4087 rows, 17 columns
2025-09-08 18:01:52,451 - INFO -   - Column names: ['\n', 'OFFICER\nNAME', '\n.1', 'TICKET\nNUMBER', 'ISSUE\nDATE', 'VIOLATION\nNUMBER', '\nTYPE', '\nSTATUS', 'DISPOSITION\nDATE', 'FIND\nCD', 'PAYMENT\nDATE', 'ASSESSED\nAMOUNT', 'FINE \nAMOUNT', 'COST \nAMOUNT', 'MISC \nAMOUNT', 'TOTAL PAID\nAMOUNT', 'CITY COST\nAMOUNT']
2025-09-08 18:01:52,452 - INFO - Using date column: ISSUE
DATE
2025-09-08 18:01:52,457 - INFO - Strict date filtering: 4087 -> 4084 records
2025-09-08 18:01:52,458 - INFO - Dataset contains 1 unique months
2025-09-08 18:01:52,458 - WARNING - Expected 13 months of data, but found 1 months
2025-09-08 18:01:52,601 - INFO - Added comprehensive date intelligence columns
2025-09-08 18:01:52,602 - INFO - Combining all data
2025-09-08 18:01:52,628 - INFO - Combined dataset: 42019 records
2025-09-08 18:01:52,628 - INFO - Strict ticket number validation using column: TICKET
NUMBER
2025-09-08 18:01:52,688 - INFO - Cleaning badge numbers using column: OFFICER
NAME
2025-09-08 18:01:52,728 - INFO - Adding violation type mapping using column: VIOLATION
NUMBER
2025-09-08 18:01:52,748 - INFO - Violation type distribution: {'Unknown': 42019}
2025-09-08 18:01:52,780 - INFO - Average data quality score: 90.0
2025-09-08 18:01:52,782 - INFO - Quality tier distribution: {'Good': 42019, 'Poor': 0, 'Fair': 0, 'Excellent': 0}
2025-09-08 18:01:52,782 - INFO - Quality issue - Unknown Violation Type: 42019 records
2025-09-08 18:01:52,782 - INFO - Overall data cleaning: 42019 -> 42019 records (removed: 0)
2025-09-08 18:01:52,787 - INFO - Loading officer assignment data
2025-09-08 18:01:52,829 - INFO - Loaded 151 assignment records
2025-09-08 18:01:52,829 - INFO - Merging on OFFICER
NAME = BADGE_NUMBER
2025-09-08 18:01:52,830 - ERROR - Error applying officer assignments: You are trying to merge on object and float64 columns for key 'OFFICER
NAME'. If you wish to proceed you should use pd.concat
2025-09-08 18:01:52,830 - WARNING - Proceeding without assignment matching
2025-09-08 18:01:52,833 - INFO - Added processing metadata with timestamp: 2025-09-08 18:01:52.830946
2025-09-08 18:01:52,833 - INFO - === COMPREHENSIVE DATA QUALITY REPORT ===
2025-09-08 18:01:52,833 - INFO - Total records: 42,019
2025-09-08 18:01:52,833 - INFO - Total columns: 60
2025-09-08 18:01:52,835 - INFO - Unique months in dataset: 13
2025-09-08 18:01:52,835 - INFO - Exactly 13 months of data confirmed
2025-09-08 18:01:52,840 - INFO - Month distribution:
2025-09-08 18:01:52,840 - INFO -   01-25: 3,224 records
2025-09-08 18:01:52,840 - INFO -   02-25: 2,734 records
2025-09-08 18:01:52,840 - INFO -   03-25: 3,518 records
2025-09-08 18:01:52,841 - INFO -   04-25: 3,545 records
2025-09-08 18:01:52,841 - INFO -   05-25: 3,370 records
2025-09-08 18:01:52,841 - INFO -   06-25: 3,239 records
2025-09-08 18:01:52,841 - INFO -   07-25: 4,234 records
2025-09-08 18:01:52,841 - INFO -   08-24: 2,463 records
2025-09-08 18:01:52,841 - INFO -   08-25: 4,084 records
2025-09-08 18:01:52,841 - INFO -   09-24: 3,069 records
2025-09-08 18:01:52,841 - INFO -   10-24: 3,043 records
2025-09-08 18:01:52,841 - INFO -   11-24: 2,760 records
2025-09-08 18:01:52,841 - INFO -   12-24: 2,736 records
2025-09-08 18:01:52,842 - INFO - Data Quality Scores - Avg: 90.0, Min: 90.0, Max: 90.0
2025-09-08 18:01:52,844 - INFO - Quality tiers: {'Good': 42019, 'Poor': 0, 'Fair': 0, 'Excellent': 0}
2025-09-08 18:01:52,848 - INFO - Violation types: {'Unknown': 42019}
2025-09-08 18:01:52,854 - INFO - Date range: 2024-08-01 to 2025-08-31
2025-09-08 18:01:52,854 - INFO - All critical data quality checks passed
2025-09-08 18:01:52,854 - INFO - === END DATA QUALITY REPORT ===
2025-09-08 18:01:52,854 - INFO - Saving output to: C:\Users\carucci_r\OneDrive - City of Hackensack\03_Staging\Summons\summons_powerbi_latest.xlsx
2025-09-08 18:02:57,184 - INFO - Processing completed successfully
2025-09-08 18:02:57,185 - INFO - Final dataset: 42,019 records, 60 columns
2025-09-08 18:02:57,185 - INFO - Key intelligence columns added: ['YearMonthKey', 'Month_Year', 'VIOLATION_TYPE', 'DATA_QUALITY_SCORE', 'DATA_QUALITY_TIER', 'FiscalYear', 'FiscalQuarter']
2025-10-09 21:13:18,375 - INFO - Window: 2024-09-01 → 2025-09-30
2025-10-09 21:13:18,979 - INFO - Assignment entries: 295
2025-10-09 21:13:18,980 - ERROR - Missing: C:\Users\carucci_r\OneDrive - City of Hackensack\05_EXPORTS\_Summons\E_Ticket\25_08_e_ticketsexport.csv
2025-10-09 21:16:17,093 - INFO - Window: 2024-09-01 → 2025-09-30
2025-10-09 21:16:17,647 - INFO - Assignment entries: 295
2025-10-09 21:16:17,648 - ERROR - Missing: C:\Users\carucci_r\OneDrive - City of Hackensack\05_EXPORTS\_Summons\E_Ticket\25_08_e_ticketsexport.csv
2025-10-09 21:17:28,968 - INFO - Window: 2024-09-01 to 2025-09-30
2025-10-09 21:17:29,409 - INFO - Assignment entries: 295
2025-10-09 21:17:29,412 - ERROR - Missing: C:\Users\carucci_r\OneDrive - City of Hackensack\05_EXPORTS\_Summons\E_Ticket\25_08_e_ticketsexport.csv
2025-10-09 21:18:01,923 - INFO - Window: 2024-09-01 to 2025-09-30
2025-10-09 21:18:02,315 - INFO - Assignment entries: 295
2025-10-09 21:18:02,316 - ERROR - Missing: C:\Users\carucci_r\OneDrive - City of Hackensack\05_EXPORTS\_Summons\E_Ticket\25_08_e_ticketsexport.csv
2025-10-09 21:18:38,328 - INFO - Window: 2024-09-01 to 2025-09-30
2025-10-09 21:18:38,739 - INFO - Assignment entries: 295
2025-10-09 21:18:38,740 - ERROR - Missing: C:\Users\carucci_r\OneDrive - City of Hackensack\05_EXPORTS\_Summons\E_Ticket\25_08_e_ticketsexport.csv
2025-10-09 21:18:38,955 - INFO - Saved: C:\Users\carucci_r\OneDrive - City of Hackensack\03_Staging\Summons\summons_powerbi_latest.xlsx | Rows: 0
2025-10-09 21:19:04,959 - INFO - Window: 2024-09-01 to 2025-09-30
2025-10-09 21:19:05,373 - INFO - Assignment entries: 295
2025-10-09 21:19:05,373 - ERROR - Missing: C:\Users\carucci_r\OneDrive - City of Hackensack\05_EXPORTS\_Summons\E_Ticket\25_08_e_ticketsexport.csv
2025-10-09 21:19:05,489 - INFO - Saved: C:\Users\carucci_r\OneDrive - City of Hackensack\03_Staging\Summons\summons_powerbi_latest.xlsx | Rows: 0
2025-10-09 21:20:47,410 - INFO - Window: 2024-09-01 to 2025-09-30
2025-10-09 21:20:47,704 - INFO - Assignment entries: 295
2025-10-09 21:20:47,705 - ERROR - Missing: C:\Users\carucci_r\OneDrive - City of Hackensack\05_EXPORTS\_Summons\E_Ticket\25_08_e_ticketsexport.csv
2025-10-09 21:20:47,800 - INFO - Saved: C:\Users\carucci_r\OneDrive - City of Hackensack\03_Staging\Summons\summons_powerbi_latest.xlsx | Rows: 0
2025-10-09 21:22:08,736 - INFO - Window: 2024-09-01 to 2025-09-30
2025-10-09 21:22:09,339 - INFO - Assignment entries: 295
2025-10-09 21:22:16,957 - INFO - Saved: C:\Users\carucci_r\OneDrive - City of Hackensack\03_Staging\Summons\summons_powerbi_latest.xlsx | Rows: 4390
2025-10-09 21:24:11,486 - INFO - Window: 2024-09-01 to 2025-09-30
2025-10-09 21:24:11,778 - INFO - Assignment entries: 295
2025-10-09 21:24:17,850 - INFO - Saved: C:\Users\carucci_r\OneDrive - City of Hackensack\03_Staging\Summons\summons_powerbi_latest.xlsx | Rows: 4390
2025-10-09 21:54:16,656 - INFO - Rolling 13-Month Window: 2024-09-01 to 2025-09-30
2025-10-09 21:54:17,151 - INFO - Assignment entries: 295
2025-10-09 21:54:19,688 - INFO - Processing historical backfill data from 2025_10_09_21_01_02_Hackensack Police Department - Summons Dashboard.csv
2025-10-09 21:54:55,734 - INFO - Saved: C:\Users\carucci_r\OneDrive - City of Hackensack\03_Staging\Summons\summons_powerbi_latest.xlsx | Rows: 35481
2025-10-09 22:01:23,613 - INFO - Rolling 13-Month Window: 2024-09-01 to 2025-09-30
2025-10-09 22:01:24,174 - INFO - Assignment entries: 295
2025-10-09 22:01:26,870 - INFO - Processing historical backfill data from 2025_10_09_21_01_02_Hackensack Police Department - Summons Dashboard.csv
2025-10-09 22:02:10,596 - INFO - Saved: C:\Users\carucci_r\OneDrive - City of Hackensack\03_Staging\Summons\summons_powerbi_latest.xlsx | Rows: 35481
2025-10-09 22:08:25,647 - INFO - Rolling 13-Month Window: 2024-09-01 to 2025-09-30
2025-10-09 22:08:26,291 - INFO - Assignment entries: 295
2025-10-09 22:08:28,904 - INFO - Processing historical backfill data from 2025_10_09_21_01_02_Hackensack Police Department - Summons Dashboard.csv
2025-10-09 22:09:08,086 - INFO - Saved: C:\Users\carucci_r\OneDrive - City of Hackensack\03_Staging\Summons\summons_powerbi_latest.xlsx | Rows: 35481
2025-10-09 22:40:03,646 - INFO - Rolling 13-Month Window: 2024-09-01 to 2025-09-30
2025-10-09 22:40:03,665 - INFO - Assignment entries: 153
2025-10-09 22:40:05,566 - INFO - Processing historical backfill data from 2025_10_09_21_01_02_Hackensack Police Department - Summons Dashboard.csv
2025-10-09 22:40:32,768 - INFO - Saved: C:\Users\carucci_r\OneDrive - City of Hackensack\03_Staging\Summons\summons_powerbi_latest.xlsx | Rows: 35481
2025-10-09 22:42:12,745 - INFO - Rolling 13-Month Window: 2024-09-01 to 2025-09-30
2025-10-09 22:42:12,757 - INFO - Assignment entries: 153
2025-10-09 22:42:14,488 - INFO - Processing historical backfill data from 2025_10_09_21_01_02_Hackensack Police Department - Summons Dashboard.csv
2025-10-09 22:42:48,516 - INFO - Saved: C:\Users\carucci_r\OneDrive - City of Hackensack\03_Staging\Summons\summons_powerbi_latest.xlsx | Rows: 35481
2025-10-09 22:45:07,589 - INFO - Rolling 13-Month Window: 2024-09-01 to 2025-09-30
2025-10-09 22:45:07,607 - INFO - Assignment entries: 153
2025-10-09 22:45:32,598 - INFO - Rolling 13-Month Window: 2024-09-01 to 2025-09-30
2025-10-09 22:45:32,677 - INFO - Assignment entries: 153
2025-10-09 22:45:43,800 - INFO - Processing historical backfill data from 2025_10_09_21_01_02_Hackensack Police Department - Summons Dashboard.csv
2025-10-09 22:46:09,088 - INFO - Rolling 13-Month Window: 2024-09-01 to 2025-09-30
2025-10-09 22:46:09,140 - INFO - Assignment entries: 153
2025-10-09 22:46:20,061 - INFO - Processing historical backfill data from 2025_10_09_21_01_02_Hackensack Police Department - Summons Dashboard.csv
2025-10-09 22:47:23,627 - INFO - Saved: C:\Users\carucci_r\OneDrive - City of Hackensack\03_Staging\Summons\summons_powerbi_latest.xlsx | Rows: 35481
2025-10-09 22:49:19,457 - INFO - Rolling 13-Month Window: 2024-09-01 to 2025-09-30
2025-10-09 22:49:19,488 - INFO - Assignment entries: 448
2025-10-09 22:49:25,847 - INFO - Processing historical backfill data from 2025_10_09_21_01_02_Hackensack Police Department - Summons Dashboard.csv
2025-10-09 22:50:46,648 - INFO - Saved: C:\Users\carucci_r\OneDrive - City of Hackensack\03_Staging\Summons\summons_powerbi_latest.xlsx | Rows: 35481
2025-10-09 22:53:56,852 - INFO - Rolling 13-Month Window: 2024-09-01 to 2025-09-30
2025-10-09 22:53:56,882 - INFO - Assignment entries: 297
2025-10-09 22:54:00,486 - INFO - Processing historical backfill data from 2025_10_09_21_01_02_Hackensack Police Department - Summons Dashboard.csv
2025-10-09 22:54:39,315 - INFO - Saved: C:\Users\carucci_r\OneDrive - City of Hackensack\03_Staging\Summons\summons_powerbi_latest.xlsx | Rows: 35481
2025-10-10 11:04:45,341 - INFO - Rolling 13-Month Window: 2024-09-01 to 2025-09-30
2025-10-10 11:04:45,355 - INFO - Assignment entries: 297
2025-10-10 11:04:47,428 - INFO - Processing historical backfill data from 2025_10_09_21_01_02_Hackensack Police Department - Summons Dashboard.csv
2025-10-10 11:05:10,709 - INFO - Saved: C:\Users\carucci_r\OneDrive - City of Hackensack\03_Staging\Summons\summons_powerbi_latest.xlsx | Rows: 35481
2025-10-10 11:25:11,934 - INFO - Rolling 13-Month Window: 2024-09-01 to 2025-09-30
2025-10-10 11:25:11,945 - INFO - Assignment entries: 297
2025-10-10 11:25:13,613 - INFO - Processing historical backfill data from 2025_10_09_21_01_02_Hackensack Police Department - Summons Dashboard.csv
2025-10-10 11:26:55,377 - INFO - Rolling 13-Month Window: 2024-09-01 to 2025-09-30
2025-10-10 11:26:55,387 - INFO - Assignment entries: 297
2025-10-10 11:26:57,096 - INFO - Processing historical backfill data from 2025_10_09_21_01_02_Hackensack Police Department - Summons Dashboard.csv
2025-10-10 12:11:05,239 - INFO - Rolling 13-Month Window: 2024-09-01 to 2025-09-30
2025-10-10 12:11:05,251 - INFO - Assignment entries: 297
2025-10-10 12:11:06,772 - INFO - Processing historical backfill data from 2025_10_09_21_01_02_Hackensack Police Department - Summons Dashboard.csv
2025-10-10 12:12:10,008 - INFO - Rolling 13-Month Window: 2024-09-01 to 2025-09-30
2025-10-10 12:12:10,017 - INFO - Assignment entries: 297
2025-10-10 12:12:11,617 - INFO - Processing historical backfill data from 2025_10_09_21_01_02_Hackensack Police Department - Summons Dashboard.csv
2025-10-10 12:15:19,614 - INFO - Rolling 13-Month Window: 2024-09-01 to 2025-09-30
2025-10-10 12:15:19,622 - INFO - Assignment entries: 297
2025-10-10 12:15:21,237 - INFO - Processing historical backfill data from 2025_10_09_21_01_02_Hackensack Police Department - Summons Dashboard.csv
2025-10-10 12:15:22,172 - INFO - Removed existing file: C:\Users\carucci_r\OneDrive - City of Hackensack\03_Staging\Summons\summons_powerbi_latest.xlsx
2025-10-10 12:15:31,502 - INFO - Removed existing archive file: C:\Users\carucci_r\OneDrive - City of Hackensack\03_Staging\Summons\summons_powerbi_2025_10.xlsx
2025-10-10 12:15:40,646 - INFO - Saved: C:\Users\carucci_r\OneDrive - City of Hackensack\03_Staging\Summons\summons_powerbi_latest.xlsx | Rows: 35481
2025-10-10 13:36:00,562 - INFO - Rolling 13-Month Window: 2024-09-01 to 2025-09-30
2025-10-10 13:36:00,572 - INFO - Assignment entries: 299
2025-10-10 13:36:02,444 - INFO - PEO/CLASS I rule applied to 73 rows (M -> P)
2025-10-10 13:36:02,448 - INFO - Processing historical backfill data from 2025_10_09_21_01_02_Hackensack Police Department - Summons Dashboard.csv
2025-10-10 13:36:03,387 - INFO - PEO/CLASS I rule applied to 0 rows (M -> P)
2025-10-10 13:36:03,440 - INFO - PEO/CLASS I rule applied to 0 rows (M -> P)
2025-10-10 13:36:03,503 - INFO - Removed existing file: C:\Users\carucci_r\OneDrive - City of Hackensack\03_Staging\Summons\summons_powerbi_latest.xlsx
2025-10-10 13:36:13,897 - INFO - Removed existing archive file: C:\Users\carucci_r\OneDrive - City of Hackensack\03_Staging\Summons\summons_powerbi_2025_10.xlsx
2025-10-10 13:36:25,012 - INFO - Summary written: C:\Users\carucci_r\OneDrive - City of Hackensack\03_Staging\Summons\summons_summary_202510.md
2025-10-10 13:36:25,014 - INFO - Changelog written: C:\Users\carucci_r\OneDrive - City of Hackensack\03_Staging\Summons\summons_changelog_20251010_133624.txt
2025-10-10 13:36:25,014 - INFO - Saved: C:\Users\carucci_r\OneDrive - City of Hackensack\03_Staging\Summons\summons_powerbi_latest.xlsx | Rows: 35481
2025-10-10 13:49:02,442 - INFO - Rolling 13-Month Window: 2024-09-01 to 2025-09-30
2025-10-10 13:49:02,452 - INFO - Assignment entries: 299
2025-10-10 13:49:04,235 - INFO - Processing historical backfill data from 2025_10_09_21_01_02_Hackensack Police Department - Summons Dashboard.csv
2025-10-10 13:49:05,259 - INFO - Removed existing file: C:\Users\carucci_r\OneDrive - City of Hackensack\03_Staging\Summons\summons_powerbi_latest.xlsx
2025-10-10 13:49:15,615 - INFO - Removed existing archive file: C:\Users\carucci_r\OneDrive - City of Hackensack\03_Staging\Summons\summons_powerbi_2025_10.xlsx
2025-10-10 13:49:26,881 - INFO - Summary written: C:\Users\carucci_r\OneDrive - City of Hackensack\03_Staging\Summons\summons_summary_202510.md
2025-10-10 13:49:26,883 - INFO - Changelog written: C:\Users\carucci_r\OneDrive - City of Hackensack\03_Staging\Summons\summons_changelog_20251010_134926.txt
2025-10-10 13:49:26,883 - INFO - Saved: C:\Users\carucci_r\OneDrive - City of Hackensack\03_Staging\Summons\summons_powerbi_latest.xlsx | Rows: 35481
2025-10-10 14:11:55,134 - INFO - Rolling 13-Month Window: 2024-09-01 to 2025-09-30
2025-10-10 14:11:55,146 - INFO - Assignment entries: 299
2025-10-10 14:11:57,138 - INFO - PEO/Class I rule — eligible to flip from M→P: 0; flipped: 0
2025-10-10 14:11:57,144 - INFO - Processing historical backfill data from 2025_10_09_21_01_02_Hackensack Police Department - Summons Dashboard.csv
2025-10-10 14:11:58,152 - INFO - PEO/Class I rule — eligible to flip from M→P: 0; flipped: 0
2025-10-10 14:11:58,233 - INFO - PEO/Class I rule — eligible to flip from M→P: 0; flipped: 0
2025-10-10 14:11:58,332 - INFO - Removed existing file: C:\Users\carucci_r\OneDrive - City of Hackensack\03_Staging\Summons\summons_powerbi_latest.xlsx
2025-10-10 14:12:09,130 - INFO - Removed existing archive file: C:\Users\carucci_r\OneDrive - City of Hackensack\03_Staging\Summons\summons_powerbi_2025_10.xlsx
2025-10-10 14:12:20,003 - INFO - Summary written: C:\Users\carucci_r\OneDrive - City of Hackensack\03_Staging\Summons\summons_summary_202510.md
2025-10-10 14:12:20,004 - INFO - Changelog written: C:\Users\carucci_r\OneDrive - City of Hackensack\03_Staging\Summons\summons_changelog_20251010_141219.txt
2025-10-10 14:12:20,004 - INFO - Saved: C:\Users\carucci_r\OneDrive - City of Hackensack\03_Staging\Summons\summons_powerbi_latest.xlsx | Rows: 35481
2025-10-10 14:17:08,324 - INFO - Rolling 13-Month Window: 2024-09-01 to 2025-09-30
2025-10-10 14:17:08,334 - INFO - Assignment entries: 299
2025-10-10 14:17:10,318 - INFO - PEO/Class I pre-check — potential M→P candidates: 0
2025-10-10 14:17:10,321 - INFO - PEO/Class I rule — eligible to flip from M→P: 0; flipped: 0
2025-10-10 14:17:10,325 - INFO - Processing historical backfill data from 2025_10_09_21_01_02_Hackensack Police Department - Summons Dashboard.csv
2025-10-10 14:17:11,199 - INFO - PEO/Class I pre-check — potential M→P candidates: 0
2025-10-10 14:17:11,208 - INFO - PEO/Class I rule — eligible to flip from M→P: 0; flipped: 0
2025-10-10 14:17:11,289 - INFO - PEO/Class I pre-check — potential M→P candidates: 0
2025-10-10 14:17:11,290 - INFO - PEO/Class I rule — eligible to flip from M→P: 0; flipped: 0
2025-10-10 14:17:11,405 - INFO - Removed existing file: C:\Users\carucci_r\OneDrive - City of Hackensack\03_Staging\Summons\summons_powerbi_latest.xlsx
2025-10-10 14:17:21,692 - INFO - Removed existing archive file: C:\Users\carucci_r\OneDrive - City of Hackensack\03_Staging\Summons\summons_powerbi_2025_10.xlsx
2025-10-10 14:17:32,992 - INFO - Summary written: C:\Users\carucci_r\OneDrive - City of Hackensack\03_Staging\Summons\summons_summary_202510.md
2025-10-10 14:17:32,995 - INFO - Changelog written: C:\Users\carucci_r\OneDrive - City of Hackensack\03_Staging\Summons\summons_changelog_20251010_141732.txt
2025-10-10 14:17:32,995 - INFO - Saved: C:\Users\carucci_r\OneDrive - City of Hackensack\03_Staging\Summons\summons_powerbi_latest.xlsx | Rows: 35481
2025-10-10 14:29:39,405 - INFO - Rolling 13-Month Window: 2024-09-01 to 2025-09-30
2025-10-10 14:29:39,422 - INFO - Assignment entries loaded: 163
2025-10-10 14:29:41,271 - INFO - Processing historical backfill data from 2025_10_09_21_01_02_Hackensack Police Department - Summons Dashboard.csv
2025-10-10 14:29:42,534 - INFO - Assignment merge completed. Rows without officer display after merge: 342,016
2025-10-10 14:29:43,821 - INFO - Classification reasons: {'CODE:TITLE39': 373751, 'FALLBACK:PARKING': 3279, 'DESC:PARKING': 422, 'ORD:PARKING_LIST': 21, 'DESC:SPECIAL': 9}
2025-10-10 14:29:44,178 - INFO - PEO/Class I pre-check — potential M→P candidates: 0
2025-10-10 14:29:44,269 - INFO - PEO/Class I rule — eligible to flip from M→P: 0; flipped: 0
2025-10-10 14:29:44,584 - INFO - Removed existing file: C:\Users\carucci_r\OneDrive - City of Hackensack\03_Staging\Summons\summons_powerbi_latest.xlsx
2025-10-10 14:32:18,885 - INFO - Removed existing archive file: C:\Users\carucci_r\OneDrive - City of Hackensack\03_Staging\Summons\summons_powerbi_2025_10.xlsx
2025-10-10 14:34:51,552 - INFO - Summary written: C:\Users\carucci_r\OneDrive - City of Hackensack\03_Staging\Summons\summons_summary_202510.md
2025-10-10 14:34:51,553 - INFO - Changelog written: C:\Users\carucci_r\OneDrive - City of Hackensack\03_Staging\Summons\summons_changelog_20251010_143451.txt
2025-10-10 14:34:51,553 - INFO - Saved: C:\Users\carucci_r\OneDrive - City of Hackensack\03_Staging\Summons\summons_powerbi_latest.xlsx | Rows: 377482
