2025-10-14 13:30:39,202 - INFO - 
2025-10-14 13:30:39,203 - INFO - ======================================================================
2025-10-14 13:30:39,203 - INFO - SUMMONS MASTER - SIMPLIFIED PROCESSING
2025-10-14 13:30:39,203 - INFO - ======================================================================
2025-10-14 13:30:39,204 - INFO - 
2025-10-14 13:30:39,204 - INFO - ======================================================================
2025-10-14 13:30:39,204 - INFO - LOADING HISTORICAL BACKFILL DATA (Sep 2024 - Aug 2025)
2025-10-14 13:30:39,205 - INFO - ======================================================================
2025-10-14 13:30:39,214 - INFO - Loaded 24 summary rows from backfill file
2025-10-14 13:30:39,222 - INFO - Created 24 aggregate records (representing 38,019 historical tickets)
2025-10-14 13:30:39,222 - INFO - ======================================================================
2025-10-14 13:30:39,223 - INFO - LOADING SEPTEMBER 2025 E-TICKET DATA
2025-10-14 13:30:39,223 - INFO - ======================================================================
2025-10-14 13:31:24,024 - INFO - 
2025-10-14 13:31:24,024 - INFO - ======================================================================
2025-10-14 13:31:24,024 - INFO - SUMMONS MASTER - SIMPLIFIED PROCESSING
2025-10-14 13:31:24,024 - INFO - ======================================================================
2025-10-14 13:31:24,024 - INFO - 
2025-10-14 13:31:24,024 - INFO - ======================================================================
2025-10-14 13:31:24,024 - INFO - LOADING HISTORICAL BACKFILL DATA (Sep 2024 - Aug 2025)
2025-10-14 13:31:24,024 - INFO - ======================================================================
2025-10-14 13:31:24,027 - INFO - Loaded 24 summary rows from backfill file
2025-10-14 13:31:24,029 - INFO - Created 24 aggregate records (representing 38,019 historical tickets)
2025-10-14 13:31:24,029 - INFO - ======================================================================
2025-10-14 13:31:24,029 - INFO - LOADING SEPTEMBER 2025 E-TICKET DATA
2025-10-14 13:31:24,029 - INFO - ======================================================================
2025-10-14 13:31:24,029 - INFO - Detected delimiter: ';'
2025-10-14 13:31:24,121 - INFO - Loaded 4599 records from e-ticket file
2025-10-14 13:31:25,995 - INFO - Processed 4599 e-ticket records
2025-10-14 13:31:25,996 - INFO -   TYPE breakdown: {'P': 3909, 'M': 681, 'C': 9}
2025-10-14 13:31:25,999 - INFO - 
2025-10-14 13:31:25,999 - INFO - ======================================================================
2025-10-14 13:31:25,999 - INFO - COMBINING DATA
2025-10-14 13:31:25,999 - INFO - ======================================================================
2025-10-14 13:31:26,002 - INFO - Combined total: 4623 records
2025-10-14 13:31:26,002 - INFO - 
2025-10-14 13:31:26,002 - INFO - ======================================================================
2025-10-14 13:31:26,002 - INFO - ENRICHING WITH ASSIGNMENT DATA
2025-10-14 13:31:26,002 - INFO - ======================================================================
2025-10-14 13:31:26,006 - INFO - Loaded 152 assignment records
2025-10-14 13:31:26,148 - INFO - Assignment enrichment: 4608/4623 records matched (99.7%)
2025-10-14 13:31:26,154 - INFO - PEO/Class I rule: Converted 116 moving violations to parking
2025-10-14 13:31:26,154 - INFO - 
2025-10-14 13:31:26,154 - INFO - FINAL TYPE BREAKDOWN:
2025-10-14 13:31:26,155 - INFO -   P: 4,037
2025-10-14 13:31:26,155 - INFO -   M: 577
2025-10-14 13:31:26,155 - INFO -   C: 9
2025-10-14 13:31:26,155 - INFO - 
2025-10-14 13:31:26,155 - INFO - ======================================================================
2025-10-14 13:31:26,155 - INFO - WRITING OUTPUT
2025-10-14 13:31:26,155 - INFO - ======================================================================
2025-10-14 13:31:51,643 - INFO - 
2025-10-14 13:31:51,643 - INFO - ======================================================================
2025-10-14 13:31:51,643 - INFO - SUMMONS MASTER - SIMPLIFIED PROCESSING
2025-10-14 13:31:51,643 - INFO - ======================================================================
2025-10-14 13:31:51,644 - INFO - 
2025-10-14 13:31:51,644 - INFO - ======================================================================
2025-10-14 13:31:51,644 - INFO - LOADING HISTORICAL BACKFILL DATA (Sep 2024 - Aug 2025)
2025-10-14 13:31:51,644 - INFO - ======================================================================
2025-10-14 13:31:51,652 - INFO - Loaded 24 summary rows from backfill file
2025-10-14 13:31:51,658 - INFO - Created 24 aggregate records (representing 38,019 historical tickets)
2025-10-14 13:31:51,658 - INFO - ======================================================================
2025-10-14 13:31:51,658 - INFO - LOADING SEPTEMBER 2025 E-TICKET DATA
2025-10-14 13:31:51,658 - INFO - ======================================================================
2025-10-14 13:31:51,659 - INFO - Detected delimiter: ';'
2025-10-14 13:31:51,729 - INFO - Loaded 4599 records from e-ticket file
2025-10-14 13:31:53,727 - INFO - Processed 4599 e-ticket records
2025-10-14 13:31:53,728 - INFO -   TYPE breakdown: {'P': 3909, 'M': 681, 'C': 9}
2025-10-14 13:31:53,729 - INFO - 
2025-10-14 13:31:53,729 - INFO - ======================================================================
2025-10-14 13:31:53,729 - INFO - COMBINING DATA
2025-10-14 13:31:53,729 - INFO - ======================================================================
2025-10-14 13:31:53,731 - INFO - Combined total: 4623 records
2025-10-14 13:31:53,731 - INFO - 
2025-10-14 13:31:53,731 - INFO - ======================================================================
2025-10-14 13:31:53,731 - INFO - ENRICHING WITH ASSIGNMENT DATA
2025-10-14 13:31:53,731 - INFO - ======================================================================
2025-10-14 13:31:53,733 - INFO - Loaded 152 assignment records
2025-10-14 13:31:53,828 - INFO - Assignment enrichment: 4608/4623 records matched (99.7%)
2025-10-14 13:31:53,832 - INFO - PEO/Class I rule: Converted 116 moving violations to parking
2025-10-14 13:31:53,832 - INFO - 
2025-10-14 13:31:53,832 - INFO - FINAL TYPE BREAKDOWN:
2025-10-14 13:31:53,833 - INFO -   P: 4,037
2025-10-14 13:31:53,833 - INFO -   M: 577
2025-10-14 13:31:53,833 - INFO -   C: 9
2025-10-14 13:31:53,833 - INFO - 
2025-10-14 13:31:53,833 - INFO - ======================================================================
2025-10-14 13:31:53,833 - INFO - WRITING OUTPUT
2025-10-14 13:31:53,833 - INFO - ======================================================================
2025-10-14 13:31:53,836 - INFO - Removed existing file: C:\Users\carucci_r\OneDrive - City of Hackensack\03_Staging\Summons\summons_powerbi_latest.xlsx
2025-10-14 13:31:57,088 - INFO - Output written: C:\Users\carucci_r\OneDrive - City of Hackensack\03_Staging\Summons\summons_powerbi_latest.xlsx
2025-10-14 13:31:57,089 - INFO - Total records: 4,623
2025-10-14 13:31:57,089 - INFO - 
2025-10-14 13:31:57,089 - INFO - ======================================================================
2025-10-14 13:31:57,089 - INFO - PROCESSING COMPLETE
2025-10-14 13:31:57,089 - INFO - ======================================================================
2025-10-14 14:11:10,004 - INFO - 
2025-10-14 14:11:10,005 - INFO - ======================================================================
2025-10-14 14:11:10,006 - INFO - SUMMONS MASTER - SIMPLIFIED PROCESSING
2025-10-14 14:11:10,006 - INFO - ======================================================================
2025-10-14 14:11:10,006 - INFO - 
2025-10-14 14:11:10,006 - INFO - ======================================================================
2025-10-14 14:11:10,006 - INFO - LOADING HISTORICAL BACKFILL DATA (Sep 2024 - Aug 2025)
2025-10-14 14:11:10,006 - INFO - ======================================================================
2025-10-14 14:11:10,013 - INFO - Loaded 24 summary rows from backfill file
2025-10-14 14:11:10,020 - INFO - Created 24 aggregate records (representing 38,019 historical tickets)
2025-10-14 14:11:10,022 - INFO - ======================================================================
2025-10-14 14:11:10,022 - INFO - LOADING COURT CURRENT DATA (Sep 2024 - Sep 2025)
2025-10-14 14:11:10,022 - INFO - ======================================================================
2025-10-14 14:11:10,024 - INFO - Loaded 24 summary rows from court current file
2025-10-14 14:11:10,028 - INFO - Created 24 aggregate records (representing 35,434 court current tickets)
2025-10-14 14:11:10,028 - INFO - ======================================================================
2025-10-14 14:11:10,029 - INFO - LOADING SEPTEMBER 2025 E-TICKET DATA
2025-10-14 14:11:10,029 - INFO - ======================================================================
2025-10-14 14:11:10,031 - INFO - Detected delimiter: ';'
2025-10-14 14:11:10,078 - INFO - Loaded 4599 records from e-ticket file
2025-10-14 14:11:11,413 - INFO - Processed 4599 e-ticket records
2025-10-14 14:11:11,419 - INFO -   TYPE breakdown: {'P': 3909, 'M': 681, 'C': 9}
2025-10-14 14:11:11,420 - INFO - 
2025-10-14 14:11:11,420 - INFO - ======================================================================
2025-10-14 14:11:11,420 - INFO - COMBINING DATA
2025-10-14 14:11:11,420 - INFO - ======================================================================
2025-10-14 14:11:11,423 - INFO - Combined total: 4647 records
2025-10-14 14:11:11,423 - INFO - 
2025-10-14 14:11:11,423 - INFO - Data source breakdown:
2025-10-14 14:11:11,431 - INFO -   ETICKET_CURRENT: 4,599 records (representing 4,599 tickets)
2025-10-14 14:11:11,432 - INFO -   HISTORICAL_SUMMARY: 24 records (representing 38,019 tickets)
2025-10-14 14:11:11,432 - INFO -   COURT_CURRENT: 24 records (representing 35,434 tickets)
2025-10-14 14:11:11,432 - INFO - 
2025-10-14 14:11:11,432 - INFO - 
2025-10-14 14:11:11,432 - INFO - ======================================================================
2025-10-14 14:11:11,432 - INFO - ENRICHING WITH ASSIGNMENT DATA
2025-10-14 14:11:11,433 - INFO - ======================================================================
2025-10-14 14:11:11,439 - INFO - Loaded 152 assignment records
2025-10-14 14:11:11,525 - INFO - Assignment enrichment: 4632/4647 records matched (99.7%)
2025-10-14 14:11:11,529 - INFO - PEO/Class I rule: Converted 116 moving violations to parking
2025-10-14 14:11:11,529 - INFO - 
2025-10-14 14:11:11,529 - INFO - FINAL TYPE BREAKDOWN:
2025-10-14 14:11:11,530 - INFO -   P: 4,049
2025-10-14 14:11:11,530 - INFO -   M: 589
2025-10-14 14:11:11,530 - INFO -   C: 9
2025-10-14 14:11:11,530 - INFO - 
2025-10-14 14:11:11,530 - INFO - ======================================================================
2025-10-14 14:11:11,530 - INFO - WRITING OUTPUT
2025-10-14 14:11:11,530 - INFO - ======================================================================
2025-10-14 14:11:11,531 - INFO - Removed existing file: C:\Users\carucci_r\OneDrive - City of Hackensack\03_Staging\Summons\summons_powerbi_latest.xlsx
2025-10-14 14:11:14,276 - INFO - Output written: C:\Users\carucci_r\OneDrive - City of Hackensack\03_Staging\Summons\summons_powerbi_latest.xlsx
2025-10-14 14:11:14,276 - INFO - Total records: 4,647
2025-10-14 14:11:14,276 - INFO - 
2025-10-14 14:11:14,276 - INFO - ======================================================================
2025-10-14 14:11:14,276 - INFO - PROCESSING COMPLETE
2025-10-14 14:11:14,276 - INFO - ======================================================================
2025-10-14 14:21:44,844 - INFO - 
2025-10-14 14:21:44,845 - INFO - ======================================================================
2025-10-14 14:21:44,845 - INFO - SUMMONS MASTER - SIMPLIFIED PROCESSING
2025-10-14 14:21:44,846 - INFO - ======================================================================
2025-10-14 14:21:44,846 - INFO - 
2025-10-14 14:21:44,847 - INFO - ======================================================================
2025-10-14 14:21:44,847 - INFO - LOADING HISTORICAL BACKFILL DATA (Sep 2024 - Aug 2025)
2025-10-14 14:21:44,848 - INFO - ======================================================================
2025-10-14 14:21:44,857 - INFO - Loaded 24 summary rows from backfill file
2025-10-14 14:21:44,867 - INFO - Created 24 aggregate records (representing 38,019 historical tickets)
2025-10-14 14:21:44,868 - INFO - ======================================================================
2025-10-14 14:21:44,868 - INFO - LOADING COURT CURRENT DATA (Sep 2024 - Aug 2025, excluding Sep 2025)
2025-10-14 14:21:44,868 - INFO - ======================================================================
2025-10-14 14:21:44,872 - INFO - Loaded 24 summary rows from court current file
2025-10-14 14:21:44,874 - INFO - Skipping Sep 2025 M (406 tickets) - will use e-ticket data instead
2025-10-14 14:21:44,876 - INFO - Skipping Sep 2025 P (3937 tickets) - will use e-ticket data instead
2025-10-14 14:21:44,879 - INFO - Created 22 aggregate records (representing 31,091 court current tickets)
2025-10-14 14:21:44,879 - INFO - ======================================================================
2025-10-14 14:21:44,879 - INFO - LOADING SEPTEMBER 2025 E-TICKET DATA
2025-10-14 14:21:44,880 - INFO - ======================================================================
2025-10-14 14:21:44,880 - INFO - Detected delimiter: ';'
2025-10-14 14:21:44,971 - INFO - Loaded 4599 records from e-ticket file
2025-10-14 14:21:50,446 - INFO - Processed 4599 e-ticket records
2025-10-14 14:21:50,449 - INFO -   TYPE breakdown: {'P': 3909, 'M': 681, 'C': 9}
2025-10-14 14:21:50,453 - INFO - 
2025-10-14 14:21:50,454 - INFO - ======================================================================
2025-10-14 14:21:50,454 - INFO - COMBINING DATA
2025-10-14 14:21:50,454 - INFO - ======================================================================
2025-10-14 14:21:50,463 - INFO - Combined total: 4645 records
2025-10-14 14:21:50,463 - INFO - 
2025-10-14 14:21:50,464 - INFO - Data source breakdown:
2025-10-14 14:21:50,478 - INFO -   ETICKET_CURRENT: 4,599 records (representing 4,599 tickets)
2025-10-14 14:21:50,481 - INFO -   HISTORICAL_SUMMARY: 24 records (representing 38,019 tickets)
2025-10-14 14:21:50,485 - INFO -   COURT_CURRENT: 22 records (representing 31,091 tickets)
2025-10-14 14:21:50,485 - INFO - 
2025-10-14 14:21:50,485 - INFO - 
2025-10-14 14:21:50,486 - INFO - ======================================================================
2025-10-14 14:21:50,486 - INFO - ENRICHING WITH ASSIGNMENT DATA
2025-10-14 14:21:50,486 - INFO - ======================================================================
2025-10-14 14:21:50,504 - INFO - Loaded 152 assignment records
2025-10-14 14:21:50,694 - INFO - Assignment enrichment: 4630/4645 records matched (99.7%)
2025-10-14 14:21:50,701 - INFO - PEO/Class I rule: Converted 116 moving violations to parking
2025-10-14 14:21:50,701 - INFO - 
2025-10-14 14:21:50,701 - INFO - FINAL TYPE BREAKDOWN:
2025-10-14 14:21:50,702 - INFO -   P: 4,048
2025-10-14 14:21:50,702 - INFO -   M: 588
2025-10-14 14:21:50,702 - INFO -   C: 9
2025-10-14 14:21:50,702 - INFO - 
2025-10-14 14:21:50,702 - INFO - ======================================================================
2025-10-14 14:21:50,702 - INFO - WRITING OUTPUT
2025-10-14 14:21:50,702 - INFO - ======================================================================
2025-10-14 14:21:50,705 - INFO - Removed existing file: C:\Users\carucci_r\OneDrive - City of Hackensack\03_Staging\Summons\summons_powerbi_latest.xlsx
2025-10-14 14:21:57,162 - INFO - Output written: C:\Users\carucci_r\OneDrive - City of Hackensack\03_Staging\Summons\summons_powerbi_latest.xlsx
2025-10-14 14:21:57,162 - INFO - Total records: 4,645
2025-10-14 14:21:57,162 - INFO - 
2025-10-14 14:21:57,163 - INFO - ======================================================================
2025-10-14 14:21:57,163 - INFO - PROCESSING COMPLETE
2025-10-14 14:21:57,163 - INFO - ======================================================================
2025-10-14 16:29:13,376 - INFO - 
2025-10-14 16:29:13,378 - INFO - ======================================================================
2025-10-14 16:29:13,378 - INFO - SUMMONS MASTER - SIMPLIFIED PROCESSING
2025-10-14 16:29:13,378 - INFO - ======================================================================
2025-10-14 16:29:13,378 - INFO - 
2025-10-14 16:29:13,378 - INFO - ======================================================================
2025-10-14 16:29:13,378 - INFO - LOADING HISTORICAL BACKFILL DATA (Sep 2024 - Aug 2025)
2025-10-14 16:29:13,378 - INFO - ======================================================================
2025-10-14 16:29:13,391 - INFO - Loaded 24 summary rows from backfill file
2025-10-14 16:29:13,409 - INFO - Created 24 aggregate records (representing 38,019 historical tickets)
2025-10-14 16:29:13,409 - INFO - ======================================================================
2025-10-14 16:29:13,409 - INFO - LOADING SEPTEMBER 2025 E-TICKET DATA
2025-10-14 16:29:13,409 - INFO - ======================================================================
2025-10-14 16:29:13,456 - INFO - Detected delimiter: ';'
2025-10-14 16:29:13,671 - INFO - Loaded 4599 records from e-ticket file
2025-10-14 16:29:20,136 - INFO - Processed 4599 e-ticket records
2025-10-14 16:29:20,137 - INFO -   TYPE breakdown: {'P': 3909, 'M': 681, 'C': 9}
2025-10-14 16:29:20,140 - INFO - 
2025-10-14 16:29:20,141 - INFO - ======================================================================
2025-10-14 16:29:20,141 - INFO - COMBINING DATA
2025-10-14 16:29:20,141 - INFO - ======================================================================
2025-10-14 16:29:20,151 - INFO - Combined total: 4623 records
2025-10-14 16:29:20,151 - INFO - 
2025-10-14 16:29:20,151 - INFO - Data source breakdown:
2025-10-14 16:29:20,164 - INFO -   ETICKET_CURRENT: 4,599 records (representing 4,599 tickets)
2025-10-14 16:29:20,166 - INFO -   HISTORICAL_SUMMARY: 24 records (representing 38,019 tickets)
2025-10-14 16:29:20,166 - INFO - 
2025-10-14 16:29:20,166 - INFO - 
2025-10-14 16:29:20,166 - INFO - ======================================================================
2025-10-14 16:29:20,166 - INFO - ENRICHING WITH ASSIGNMENT DATA
2025-10-14 16:29:20,166 - INFO - ======================================================================
2025-10-14 16:29:20,235 - INFO - Loaded 152 assignment records
2025-10-14 16:29:20,404 - INFO - Assignment enrichment: 4608/4623 records matched (99.7%)
2025-10-14 16:29:20,415 - INFO - PEO/Class I rule: Converted 116 moving violations to parking
2025-10-14 16:29:20,415 - INFO - 
2025-10-14 16:29:20,416 - INFO - FINAL TYPE BREAKDOWN:
2025-10-14 16:29:20,417 - INFO -   P: 4,037
2025-10-14 16:29:20,417 - INFO -   M: 577
2025-10-14 16:29:20,417 - INFO -   C: 9
2025-10-14 16:29:20,417 - INFO - 
2025-10-14 16:29:20,417 - INFO - ======================================================================
2025-10-14 16:29:20,417 - INFO - WRITING OUTPUT
2025-10-14 16:29:20,417 - INFO - ======================================================================
2025-10-14 16:29:20,419 - INFO - Removed existing file: C:\Users\carucci_r\OneDrive - City of Hackensack\03_Staging\Summons\summons_powerbi_latest.xlsx
2025-10-14 16:29:27,216 - INFO - Output written: C:\Users\carucci_r\OneDrive - City of Hackensack\03_Staging\Summons\summons_powerbi_latest.xlsx
2025-10-14 16:29:27,216 - INFO - Total records: 4,623
2025-10-14 16:29:27,216 - INFO - 
2025-10-14 16:29:27,216 - INFO - ======================================================================
2025-10-14 16:29:27,217 - INFO - PROCESSING COMPLETE
2025-10-14 16:29:27,217 - INFO - ======================================================================
